<?xml version="1.0" encoding="UTF-8"?>
<testsuite xmlns:xsi="http://www.w3.org/2001/XMLSchema-instance" xsi:schemaLocation="https://maven.apache.org/surefire/maven-surefire-plugin/xsd/surefire-test-report.xsd" name="TestSuite" time="83.874" tests="1" errors="0" skipped="0" failures="1">
  <properties>
    <property name="java.runtime.name" value="OpenJDK Runtime Environment"/>
    <property name="java.vm.version" value="14.0.2+12-46"/>
    <property name="sun.boot.library.path" value="C:\Users\Aniket\.p2\pool\plugins\org.eclipse.justj.openjdk.hotspot.jre.full.win32.x86_64_14.0.2.v20200815-0932\jre\bin"/>
    <property name="maven.multiModuleProjectDirectory" value="F:\BDD cucumber\Cucumber-BDD-Automation-Framework-master"/>
    <property name="java.vm.vendor" value="Oracle Corporation"/>
    <property name="java.vendor.url" value="https://java.oracle.com/"/>
    <property name="guice.disable.misplaced.annotation.check" value="true"/>
    <property name="path.separator" value=";"/>
    <property name="java.vm.name" value="OpenJDK 64-Bit Server VM"/>
    <property name="sun.os.patch.level" value=""/>
    <property name="user.script" value=""/>
    <property name="user.country" value="US"/>
    <property name="sun.java.launcher" value="SUN_STANDARD"/>
    <property name="java.vm.specification.name" value="Java Virtual Machine Specification"/>
    <property name="user.dir" value="F:\BDD cucumber\Cucumber-BDD-Automation-Framework-master"/>
    <property name="java.vm.compressedOopsMode" value="32-bit"/>
    <property name="java.runtime.version" value="14.0.2+12-46"/>
    <property name="os.arch" value="amd64"/>
    <property name="java.io.tmpdir" value="C:\Users\Aniket\AppData\Local\Temp\"/>
    <property name="line.separator" value="&#10;"/>
    <property name="java.vm.specification.vendor" value="Oracle Corporation"/>
    <property name="user.variant" value=""/>
    <property name="os.name" value="Windows 10"/>
    <property name="classworlds.conf" value="F:\BDD cucumber\.metadata\.plugins\org.eclipse.m2e.launching\launches\m2conf8061113685490237690.tmp"/>
    <property name="sun.jnu.encoding" value="Cp1252"/>
    <property name="java.library.path" value="C:\Users\Aniket\.p2\pool\plugins\org.eclipse.justj.openjdk.hotspot.jre.full.win32.x86_64_14.0.2.v20200815-0932\jre\bin;C:\WINDOWS\Sun\Java\bin;C:\WINDOWS\system32;C:\WINDOWS;C:/Users/Aniket/.p2/pool/plugins/org.eclipse.justj.openjdk.hotspot.jre.full.win32.x86_64_14.0.2.v20200815-0932/jre/bin/server;C:/Users/Aniket/.p2/pool/plugins/org.eclipse.justj.openjdk.hotspot.jre.full.win32.x86_64_14.0.2.v20200815-0932/jre/bin;C:\Program Files\Common Files\Oracle\Java\javapath;C:\WINDOWS\system32;C:\WINDOWS;C:\WINDOWS\System32\Wbem;C:\WINDOWS\System32\WindowsPowerShell\v1.0\;C:\WINDOWS\System32\OpenSSH\;F:\Maven\apache-maven-3.6.3\bin;C:\Program Files\nodejs\;C:\ProgramData\chocolatey\bin;C:\Program Files\Git\cmd;C:\Users\Aniket\AppData\Local\Programs\Python\Python39\Scripts\;C:\Users\Aniket\AppData\Local\Programs\Python\Python39\;C:\Users\Aniket\AppData\Local\Microsoft\WindowsApps;C:\Users\Aniket\AppData\Local\GitHubDesktop\bin;C:\Program Files\JetBrains\PyCharm Community Edition 2021.1.1\bin;C:\WebDriver\bin;C:\Users\Aniket\AppData\Roaming\npm;C:\adb;C:\Program Files\Java\jdk-11.0.12\bin;C:\WINDOWS\system32;C:\WINDOWS;C:\WINDOWS\System32\Wbem;C:\WINDOWS\System32\WindowsPowerShell\v1.0\;C:\WINDOWS\System32\OpenSSH\;F:\Maven\apache-maven-3.6.3\bin;C:\Program Files\Git\cmd;C:\Users\Aniket\AppData\Local\Programs\Python\Python39\Scripts\;C:\Users\Aniket\AppData\Local\Programs\Python\Python39\;C:\Users\Aniket\AppData\Local\Microsoft\WindowsApps;C:\Users\Aniket\AppData\Local\GitHubDesktop\bin;C:\Program Files\JetBrains\PyCharm Community Edition 2021.1.1\bin;C:\WebDriver\bin;C:\Users\Aniket\AppData\Roaming\npm;C:\Program Files\Java\jdk-11.0.12;;C:\Users\Aniket\Desktop;;."/>
    <property name="jdk.debug" value="release"/>
    <property name="java.class.version" value="58.0"/>
    <property name="java.specification.name" value="Java Platform API Specification"/>
    <property name="sun.management.compiler" value="HotSpot 64-Bit Tiered Compilers"/>
    <property name="os.version" value="10.0"/>
    <property name="user.home" value="C:\Users\Aniket"/>
    <property name="user.timezone" value="Asia/Calcutta"/>
    <property name="file.encoding" value="Cp1252"/>
    <property name="java.specification.version" value="14"/>
    <property name="user.name" value="Aniket"/>
    <property name="java.class.path" value="C:\Users\Aniket\.p2\pool\plugins\org.eclipse.m2e.maven.runtime_1.16.0.20200610-1735\jars\plexus-classworlds-2.6.0.jar"/>
    <property name="java.vm.specification.version" value="14"/>
    <property name="sun.arch.data.model" value="64"/>
    <property name="sun.java.command" value="org.codehaus.plexus.classworlds.launcher.Launcher -B clean install"/>
    <property name="java.home" value="C:\Users\Aniket\.p2\pool\plugins\org.eclipse.justj.openjdk.hotspot.jre.full.win32.x86_64_14.0.2.v20200815-0932\jre"/>
    <property name="user.language" value="en"/>
    <property name="java.specification.vendor" value="Oracle Corporation"/>
    <property name="java.vm.info" value="mixed mode"/>
    <property name="java.version" value="14.0.2"/>
    <property name="java.vendor" value="Oracle Corporation"/>
    <property name="maven.home" value="F:\BDD cucumber\Cucumber-BDD-Automation-Framework-master\EMBEDDED"/>
    <property name="file.separator" value="\"/>
    <property name="java.version.date" value="2020-07-14"/>
    <property name="java.vendor.url.bug" value="https://bugreport.java.com/bugreport/"/>
    <property name="sun.io.unicode.encoding" value="UnicodeLittle"/>
    <property name="sun.cpu.endian" value="little"/>
    <property name="sun.cpu.isalist" value="amd64"/>
  </properties>
  <testcase name="feature" classname="com.cucumberFramework.testRunner.TestRunner" time="80.131">
    <failure message="org.openqa.selenium.WebDriverException: Unable to convert: {actions=[org.openqa.selenium.interactions.Sequence@49a6b730]}" type="cucumber.runtime.CucumberException">cucumber.runtime.CucumberException: org.openqa.selenium.WebDriverException: Unable to convert: {actions=[org.openqa.selenium.interactions.Sequence@49a6b730]}
	at com.cucumberFramework.testRunner.TestRunner.feature(TestRunner.java:32)
Caused by: org.openqa.selenium.WebDriverException: Unable to convert: {actions=[org.openqa.selenium.interactions.Sequence@49a6b730]}
Caused by: org.openqa.selenium.WebDriverException: Unable to convert: {actions=[org.openqa.selenium.interactions.Sequence@49a6b730]}
	at com.cucumberFramework.testRunner.TestRunner.feature(TestRunner.java:32)
Caused by: org.openqa.selenium.WebDriverException: 
java.lang.reflect.InvocationTargetException
Build info: version: '3.11.0', revision: 'e59cfb3', time: '2018-03-11T20:26:55.152Z'
System info: host: 'ANIKET-ROCKMANI', ip: '192.168.0.104', os.name: 'Windows 10', os.arch: 'amd64', os.version: '10.0', java.version: '14.0.2'
Driver info: driver.version: RemoteWebDriver
	at com.cucumberFramework.testRunner.TestRunner.feature(TestRunner.java:32)
Caused by: java.lang.reflect.InvocationTargetException
	at com.cucumberFramework.testRunner.TestRunner.feature(TestRunner.java:32)
Caused by: org.openqa.selenium.NoSuchElementException: 
no such element: Unable to locate element: {"method":"xpath","selector":"//div[@id='nav-shop']/a"}
  (Session info: chrome=92.0.4515.131)
For documentation on this error, please visit: http://seleniumhq.org/exceptions/no_such_element.html
Build info: version: '3.11.0', revision: 'e59cfb3', time: '2018-03-11T20:26:55.152Z'
System info: host: 'ANIKET-ROCKMANI', ip: '192.168.0.104', os.name: 'Windows 10', os.arch: 'amd64', os.version: '10.0', java.version: '14.0.2'
Driver info: org.openqa.selenium.chrome.ChromeDriver
Capabilities {acceptInsecureCerts: false, browserName: chrome, browserVersion: 92.0.4515.131, chrome: {chromedriverVersion: 92.0.4515.107 (87a818b10553..., userDataDir: C:\Users\Aniket\AppData\Loc...}, goog:chromeOptions: {debuggerAddress: localhost:56375}, javascriptEnabled: true, networkConnectionEnabled: false, pageLoadStrategy: normal, platform: WINDOWS, platformName: WINDOWS, proxy: Proxy(), setWindowRect: true, strictFileInteractability: false, timeouts: {implicit: 0, pageLoad: 300000, script: 30000}, unhandledPromptBehavior: dismiss and notify, webauthn:extension:credBlob: true, webauthn:extension:largeBlob: true, webauthn:virtualAuthenticators: true}
Session ID: 2f0f1a913b5353d81b9cdf7a45d0b2b2
*** Element info: {Using=xpath, value=//div[@id='nav-shop']/a}
	at com.cucumberFramework.testRunner.TestRunner.feature(TestRunner.java:32)
</failure>
    <system-out><![CDATA[2021-08-14 20:08:258 INFO  WaitHelper :21 - waiting for element visibilityOf..
2021-08-14 20:08:414 INFO  WaitHelper :24 - element is visible..
2021-08-14 20:08:993 INFO  WaitHelper :21 - waiting for element visibilityOf..
2021-08-14 20:08:85 INFO  WaitHelper :24 - element is visible..
2021-08-14 20:08:133 INFO  ServiceHooks :34 - Login into the application with valid credentials is Failed
2021-08-14 20:08:493 INFO  WaitHelper :21 - waiting for element visibilityOf..
2021-08-14 20:08:611 INFO  WaitHelper :24 - element is visible..
2021-08-14 20:08:138 INFO  WaitHelper :21 - waiting for element visibilityOf..
2021-08-14 20:08:253 INFO  WaitHelper :24 - element is visible..
2021-08-14 20:08:621 INFO  ServiceHooks :43 - Searching different products after login is pass
2021-08-14 20:08:369 INFO  WaitHelper :21 - waiting for element visibilityOf..
2021-08-14 20:08:501 INFO  WaitHelper :24 - element is visible..
2021-08-14 20:08:241 INFO  WaitHelper :21 - waiting for element visibilityOf..
2021-08-14 20:08:281 INFO  WaitHelper :24 - element is visible..
2021-08-14 20:08:572 INFO  ServiceHooks :34 - Searching different products after login is Failed
2021-08-14 20:08:859 INFO  WaitHelper :21 - waiting for element visibilityOf..
2021-08-14 20:08:987 INFO  WaitHelper :24 - element is visible..
2021-08-14 20:08:593 INFO  WaitHelper :21 - waiting for element visibilityOf..
2021-08-14 20:08:636 INFO  WaitHelper :24 - element is visible..
2021-08-14 20:08:872 INFO  ServiceHooks :43 - Searching different products after login is pass
]]></system-out>
    <system-err><![CDATA[SLF4J: Failed to load class "org.slf4j.impl.StaticLoggerBinder".
SLF4J: Defaulting to no-operation (NOP) logger implementation
SLF4J: See http://www.slf4j.org/codes.html#StaticLoggerBinder for further details.
Starting ChromeDriver 92.0.4515.107 (87a818b10553a07434ea9e2b6dccf3cbe7895134-refs/branch-heads/4515@{#1634}) on port 8506
Only local connections are allowed.
Please see https://chromedriver.chromium.org/security-considerations for suggestions on keeping ChromeDriver safe.
ChromeDriver was started successfully.
Aug 14, 2021 8:46:44 PM org.openqa.selenium.remote.ProtocolHandshake createSession
INFO: Detected dialect: W3C
Starting ChromeDriver 92.0.4515.107 (87a818b10553a07434ea9e2b6dccf3cbe7895134-refs/branch-heads/4515@{#1634}) on port 11278
Only local connections are allowed.
Please see https://chromedriver.chromium.org/security-considerations for suggestions on keeping ChromeDriver safe.
ChromeDriver was started successfully.
Aug 14, 2021 8:47:03 PM org.openqa.selenium.remote.ProtocolHandshake createSession
INFO: Detected dialect: W3C
Starting ChromeDriver 92.0.4515.107 (87a818b10553a07434ea9e2b6dccf3cbe7895134-refs/branch-heads/4515@{#1634}) on port 3277
Only local connections are allowed.
Please see https://chromedriver.chromium.org/security-considerations for suggestions on keeping ChromeDriver safe.
ChromeDriver was started successfully.
Aug 14, 2021 8:47:24 PM org.openqa.selenium.remote.ProtocolHandshake createSession
INFO: Detected dialect: W3C
Starting ChromeDriver 92.0.4515.107 (87a818b10553a07434ea9e2b6dccf3cbe7895134-refs/branch-heads/4515@{#1634}) on port 4717
Only local connections are allowed.
Please see https://chromedriver.chromium.org/security-considerations for suggestions on keeping ChromeDriver safe.
ChromeDriver was started successfully.
Aug 14, 2021 8:47:37 PM org.openqa.selenium.remote.ProtocolHandshake createSession
INFO: Detected dialect: W3C
]]></system-err>
  </testcase>
</testsuite>